[2.988s] Invoking command in '/home/shehsin/ros2_ws/src/four_wheel_bot': PYTHONPATH=/home/shehsin/ros2_ws/src/four_wheel_bot/build/four_wheel_bot/prefix_override:/usr/lib/python3/dist-packages/colcon_core/task/python/colcon_distutils_commands:/home/shehsin/ros2_ws/src/four_wheel_bot/install/four_wheel_bot/lib/python3.10/site-packages:${PYTHONPATH} /usr/bin/python3 -W ignore:setup.py install is deprecated -W ignore:easy_install command is deprecated setup.py egg_info --egg-base build/four_wheel_bot build --build-base /home/shehsin/ros2_ws/src/four_wheel_bot/build/four_wheel_bot/build install --record /home/shehsin/ros2_ws/src/four_wheel_bot/build/four_wheel_bot/install.log --single-version-externally-managed install_data
[4.050s] running egg_info
[4.053s] creating build/four_wheel_bot/four_wheel_bot.egg-info
[4.054s] writing build/four_wheel_bot/four_wheel_bot.egg-info/PKG-INFO
[4.054s] writing dependency_links to build/four_wheel_bot/four_wheel_bot.egg-info/dependency_links.txt
[4.055s] writing entry points to build/four_wheel_bot/four_wheel_bot.egg-info/entry_points.txt
[4.056s] writing requirements to build/four_wheel_bot/four_wheel_bot.egg-info/requires.txt
[4.057s] writing top-level names to build/four_wheel_bot/four_wheel_bot.egg-info/top_level.txt
[4.058s] writing manifest file 'build/four_wheel_bot/four_wheel_bot.egg-info/SOURCES.txt'
[4.068s] reading manifest file 'build/four_wheel_bot/four_wheel_bot.egg-info/SOURCES.txt'
[4.071s] writing manifest file 'build/four_wheel_bot/four_wheel_bot.egg-info/SOURCES.txt'
[4.071s] running build
[4.072s] running build_py
[4.073s] creating /home/shehsin/ros2_ws/src/four_wheel_bot/build/four_wheel_bot/build
[4.073s] creating /home/shehsin/ros2_ws/src/four_wheel_bot/build/four_wheel_bot/build/lib
[4.073s] creating /home/shehsin/ros2_ws/src/four_wheel_bot/build/four_wheel_bot/build/lib/four_wheel_bot
[4.073s] copying four_wheel_bot/__init__.py -> /home/shehsin/ros2_ws/src/four_wheel_bot/build/four_wheel_bot/build/lib/four_wheel_bot
[4.074s] running install
[4.075s] running install_lib
[4.078s] creating /home/shehsin/ros2_ws/src/four_wheel_bot/install/four_wheel_bot/lib/python3.10/site-packages/four_wheel_bot
[4.079s] copying /home/shehsin/ros2_ws/src/four_wheel_bot/build/four_wheel_bot/build/lib/four_wheel_bot/__init__.py -> /home/shehsin/ros2_ws/src/four_wheel_bot/install/four_wheel_bot/lib/python3.10/site-packages/four_wheel_bot
[4.081s] byte-compiling /home/shehsin/ros2_ws/src/four_wheel_bot/install/four_wheel_bot/lib/python3.10/site-packages/four_wheel_bot/__init__.py to __init__.cpython-310.pyc
[4.082s] running install_data
[4.082s] copying package.xml -> /home/shehsin/ros2_ws/src/four_wheel_bot/install/four_wheel_bot/share/four_wheel_bot
[4.083s] creating /home/shehsin/ros2_ws/src/four_wheel_bot/install/four_wheel_bot/share/four_wheel_bot/launch
[4.083s] copying launch/view_robot.launch.py -> /home/shehsin/ros2_ws/src/four_wheel_bot/install/four_wheel_bot/share/four_wheel_bot/launch
[4.084s] creating /home/shehsin/ros2_ws/src/four_wheel_bot/install/four_wheel_bot/share/four_wheel_bot/urdf
[4.085s] copying urdf/robot.urdf.xacro -> /home/shehsin/ros2_ws/src/four_wheel_bot/install/four_wheel_bot/share/four_wheel_bot/urdf
[4.085s] running install_egg_info
[4.095s] Copying build/four_wheel_bot/four_wheel_bot.egg-info to /home/shehsin/ros2_ws/src/four_wheel_bot/install/four_wheel_bot/lib/python3.10/site-packages/four_wheel_bot-0.0.0-py3.10.egg-info
[4.098s] running install_scripts
[4.186s] writing list of installed files to '/home/shehsin/ros2_ws/src/four_wheel_bot/build/four_wheel_bot/install.log'
[4.274s] Invoked command in '/home/shehsin/ros2_ws/src/four_wheel_bot' returned '0': PYTHONPATH=/home/shehsin/ros2_ws/src/four_wheel_bot/build/four_wheel_bot/prefix_override:/usr/lib/python3/dist-packages/colcon_core/task/python/colcon_distutils_commands:/home/shehsin/ros2_ws/src/four_wheel_bot/install/four_wheel_bot/lib/python3.10/site-packages:${PYTHONPATH} /usr/bin/python3 -W ignore:setup.py install is deprecated -W ignore:easy_install command is deprecated setup.py egg_info --egg-base build/four_wheel_bot build --build-base /home/shehsin/ros2_ws/src/four_wheel_bot/build/four_wheel_bot/build install --record /home/shehsin/ros2_ws/src/four_wheel_bot/build/four_wheel_bot/install.log --single-version-externally-managed install_data
